15 Mar 2023 - 16:28:36.106 [restartedMain] INFO  c.Shop.JewlleryShopSystemApplication - Starting JewlleryShopSystemApplication using Java 17.0.4.1 with PID 8712 (D:\java\javaprograms\Jewllery-shop-system\target\classes started by Acer in D:\java\javaprograms\Jewllery-shop-system)
15 Mar 2023 - 16:28:36.135 [restartedMain] INFO  c.Shop.JewlleryShopSystemApplication - No active profile set, falling back to 1 default profile: "default"
15 Mar 2023 - 16:28:36.306 [restartedMain] INFO  o.s.d.r.c.RepositoryConfigurationDelegate - Bootstrapping Spring Data JPA repositories in DEFAULT mode.
15 Mar 2023 - 16:28:36.316 [restartedMain] INFO  o.s.d.r.c.RepositoryConfigurationDelegate - Finished Spring Data repository scanning in 9 ms. Found 2 JPA repository interfaces.
15 Mar 2023 - 16:28:36.405 [restartedMain] INFO  o.s.b.w.e.tomcat.TomcatWebServer - Tomcat initialized with port(s): 8080 (http)
15 Mar 2023 - 16:28:36.406 [restartedMain] INFO  o.a.catalina.core.StandardService - Starting service [Tomcat]
15 Mar 2023 - 16:28:36.406 [restartedMain] INFO  o.a.catalina.core.StandardEngine - Starting Servlet engine: [Apache Tomcat/10.1.5]
15 Mar 2023 - 16:28:36.423 [restartedMain] INFO  o.a.c.c.C.[Tomcat-1].[localhost].[/] - Initializing Spring embedded WebApplicationContext
15 Mar 2023 - 16:28:36.424 [restartedMain] INFO  o.s.b.w.s.c.ServletWebServerApplicationContext - Root WebApplicationContext: initialization completed in 287 ms
15 Mar 2023 - 16:28:36.537 [restartedMain] INFO  o.h.jpa.internal.util.LogHelper - HHH000204: Processing PersistenceUnitInfo [name: default]
15 Mar 2023 - 16:28:36.550 [restartedMain] INFO  com.zaxxer.hikari.HikariDataSource - HikariPool-10 - Starting...
15 Mar 2023 - 16:28:36.598 [restartedMain] INFO  com.zaxxer.hikari.pool.HikariPool - HikariPool-10 - Added connection com.mysql.cj.jdbc.ConnectionImpl@1df25663
15 Mar 2023 - 16:28:36.598 [restartedMain] INFO  com.zaxxer.hikari.HikariDataSource - HikariPool-10 - Start completed.
15 Mar 2023 - 16:28:36.599 [restartedMain] INFO  SQL dialect - HHH000400: Using dialect: org.hibernate.dialect.MySQL8Dialect
15 Mar 2023 - 16:28:36.600 [restartedMain] WARN  org.hibernate.orm.deprecation - HHH90000026: MySQL8Dialect has been deprecated; use org.hibernate.dialect.MySQLDialect instead
15 Mar 2023 - 16:28:36.783 [restartedMain] INFO  o.h.e.t.j.p.i.JtaPlatformInitiator - HHH000490: Using JtaPlatform implementation: [org.hibernate.engine.transaction.jta.platform.internal.NoJtaPlatform]
15 Mar 2023 - 16:28:36.784 [restartedMain] INFO  o.s.o.j.LocalContainerEntityManagerFactoryBean - Initialized JPA EntityManagerFactory for persistence unit 'default'
15 Mar 2023 - 16:28:36.974 [restartedMain] WARN  o.s.b.a.o.j.JpaBaseConfiguration$JpaWebConfiguration - spring.jpa.open-in-view is enabled by default. Therefore, database queries may be performed during view rendering. Explicitly configure spring.jpa.open-in-view to disable this warning
15 Mar 2023 - 16:28:37.074 [restartedMain] INFO  o.s.b.d.a.OptionalLiveReloadServer - LiveReload server is running on port 35729
15 Mar 2023 - 16:28:37.086 [restartedMain] INFO  o.s.b.w.e.tomcat.TomcatWebServer - Tomcat started on port(s): 8080 (http) with context path ''
15 Mar 2023 - 16:28:37.091 [restartedMain] INFO  c.Shop.JewlleryShopSystemApplication - Started JewlleryShopSystemApplication in 1.132 seconds (process running for 6859.628)
15 Mar 2023 - 16:28:37.093 [restartedMain] INFO  o.s.b.d.a.ConditionEvaluationDeltaLoggingListener - Condition evaluation unchanged
15 Mar 2023 - 16:31:50.794 [File Watcher] INFO  o.s.b.d.a.LocalDevToolsAutoConfiguration$RestartingClassPathChangeChangedEventListener - Restarting due to 3 class path changes (0 additions, 0 deletions, 3 modifications)
15 Mar 2023 - 16:31:50.898 [Thread-38] INFO  o.a.catalina.core.StandardService - Stopping service [Tomcat]
15 Mar 2023 - 16:31:50.921 [Thread-38] INFO  o.s.o.j.LocalContainerEntityManagerFactoryBean - Closing JPA EntityManagerFactory for persistence unit 'default'
15 Mar 2023 - 16:31:50.922 [Thread-38] INFO  com.zaxxer.hikari.HikariDataSource - HikariPool-10 - Shutdown initiated...
15 Mar 2023 - 16:31:50.947 [Thread-38] INFO  com.zaxxer.hikari.HikariDataSource - HikariPool-10 - Shutdown completed.
15 Mar 2023 - 16:31:54.024 [restartedMain] INFO  c.Shop.JewlleryShopSystemApplication - Starting JewlleryShopSystemApplication using Java 17.0.4.1 with PID 8712 (D:\java\javaprograms\Jewllery-shop-system\target\classes started by Acer in D:\java\javaprograms\Jewllery-shop-system)
15 Mar 2023 - 16:31:54.024 [restartedMain] INFO  c.Shop.JewlleryShopSystemApplication - No active profile set, falling back to 1 default profile: "default"
15 Mar 2023 - 16:31:54.282 [restartedMain] INFO  o.s.d.r.c.RepositoryConfigurationDelegate - Bootstrapping Spring Data JPA repositories in DEFAULT mode.
15 Mar 2023 - 16:31:54.296 [restartedMain] INFO  o.s.d.r.c.RepositoryConfigurationDelegate - Finished Spring Data repository scanning in 13 ms. Found 2 JPA repository interfaces.
15 Mar 2023 - 16:31:54.391 [restartedMain] INFO  o.s.b.w.e.tomcat.TomcatWebServer - Tomcat initialized with port(s): 8080 (http)
15 Mar 2023 - 16:31:54.391 [restartedMain] INFO  o.a.catalina.core.StandardService - Starting service [Tomcat]
15 Mar 2023 - 16:31:54.391 [restartedMain] INFO  o.a.catalina.core.StandardEngine - Starting Servlet engine: [Apache Tomcat/10.1.5]
15 Mar 2023 - 16:31:54.405 [restartedMain] INFO  o.a.c.c.C.[Tomcat-2].[localhost].[/] - Initializing Spring embedded WebApplicationContext
15 Mar 2023 - 16:31:54.406 [restartedMain] INFO  o.s.b.w.s.c.ServletWebServerApplicationContext - Root WebApplicationContext: initialization completed in 379 ms
15 Mar 2023 - 16:31:54.439 [restartedMain] INFO  o.h.jpa.internal.util.LogHelper - HHH000204: Processing PersistenceUnitInfo [name: default]
15 Mar 2023 - 16:31:54.446 [restartedMain] INFO  com.zaxxer.hikari.HikariDataSource - HikariPool-11 - Starting...
15 Mar 2023 - 16:31:54.466 [restartedMain] INFO  com.zaxxer.hikari.pool.HikariPool - HikariPool-11 - Added connection com.mysql.cj.jdbc.ConnectionImpl@13037640
15 Mar 2023 - 16:31:54.467 [restartedMain] INFO  com.zaxxer.hikari.HikariDataSource - HikariPool-11 - Start completed.
15 Mar 2023 - 16:31:54.467 [restartedMain] INFO  SQL dialect - HHH000400: Using dialect: org.hibernate.dialect.MySQL8Dialect
15 Mar 2023 - 16:31:54.467 [restartedMain] WARN  org.hibernate.orm.deprecation - HHH90000026: MySQL8Dialect has been deprecated; use org.hibernate.dialect.MySQLDialect instead
15 Mar 2023 - 16:31:54.579 [restartedMain] INFO  o.h.e.t.j.p.i.JtaPlatformInitiator - HHH000490: Using JtaPlatform implementation: [org.hibernate.engine.transaction.jta.platform.internal.NoJtaPlatform]
15 Mar 2023 - 16:31:54.579 [restartedMain] INFO  o.s.o.j.LocalContainerEntityManagerFactoryBean - Initialized JPA EntityManagerFactory for persistence unit 'default'
15 Mar 2023 - 16:31:54.918 [restartedMain] WARN  o.s.b.a.o.j.JpaBaseConfiguration$JpaWebConfiguration - spring.jpa.open-in-view is enabled by default. Therefore, database queries may be performed during view rendering. Explicitly configure spring.jpa.open-in-view to disable this warning
15 Mar 2023 - 16:31:55.102 [restartedMain] INFO  o.s.b.d.a.OptionalLiveReloadServer - LiveReload server is running on port 35729
15 Mar 2023 - 16:31:55.116 [restartedMain] INFO  o.s.b.w.e.tomcat.TomcatWebServer - Tomcat started on port(s): 8080 (http) with context path ''
15 Mar 2023 - 16:31:55.120 [restartedMain] INFO  c.Shop.JewlleryShopSystemApplication - Started JewlleryShopSystemApplication in 1.131 seconds (process running for 7057.657)
15 Mar 2023 - 16:31:55.121 [restartedMain] INFO  o.s.b.d.a.ConditionEvaluationDeltaLoggingListener - Condition evaluation unchanged
15 Mar 2023 - 16:32:13.201 [File Watcher] INFO  o.s.b.d.a.LocalDevToolsAutoConfiguration$RestartingClassPathChangeChangedEventListener - Restarting due to 24 class path changes (0 additions, 0 deletions, 24 modifications)
15 Mar 2023 - 16:32:13.211 [Thread-42] INFO  o.a.catalina.core.StandardService - Stopping service [Tomcat]
15 Mar 2023 - 16:32:13.215 [Thread-42] INFO  o.s.o.j.LocalContainerEntityManagerFactoryBean - Closing JPA EntityManagerFactory for persistence unit 'default'
15 Mar 2023 - 16:32:13.216 [Thread-42] INFO  com.zaxxer.hikari.HikariDataSource - HikariPool-11 - Shutdown initiated...
15 Mar 2023 - 16:32:13.229 [Thread-42] INFO  com.zaxxer.hikari.HikariDataSource - HikariPool-11 - Shutdown completed.
15 Mar 2023 - 16:32:13.601 [restartedMain] INFO  c.Shop.JewlleryShopSystemApplication - Starting JewlleryShopSystemApplication using Java 17.0.4.1 with PID 8712 (D:\java\javaprograms\Jewllery-shop-system\target\classes started by Acer in D:\java\javaprograms\Jewllery-shop-system)
15 Mar 2023 - 16:32:13.602 [restartedMain] INFO  c.Shop.JewlleryShopSystemApplication - No active profile set, falling back to 1 default profile: "default"
15 Mar 2023 - 16:32:13.737 [restartedMain] INFO  o.s.d.r.c.RepositoryConfigurationDelegate - Bootstrapping Spring Data JPA repositories in DEFAULT mode.
15 Mar 2023 - 16:32:13.747 [restartedMain] INFO  o.s.d.r.c.RepositoryConfigurationDelegate - Finished Spring Data repository scanning in 10 ms. Found 2 JPA repository interfaces.
15 Mar 2023 - 16:32:13.825 [restartedMain] INFO  o.s.b.w.e.tomcat.TomcatWebServer - Tomcat initialized with port(s): 8080 (http)
15 Mar 2023 - 16:32:13.826 [restartedMain] INFO  o.a.catalina.core.StandardService - Starting service [Tomcat]
15 Mar 2023 - 16:32:13.826 [restartedMain] INFO  o.a.catalina.core.StandardEngine - Starting Servlet engine: [Apache Tomcat/10.1.5]
15 Mar 2023 - 16:32:13.879 [restartedMain] INFO  o.a.c.c.C.[Tomcat-2].[localhost].[/] - Initializing Spring embedded WebApplicationContext
15 Mar 2023 - 16:32:13.880 [restartedMain] INFO  o.s.b.w.s.c.ServletWebServerApplicationContext - Root WebApplicationContext: initialization completed in 276 ms
15 Mar 2023 - 16:32:13.944 [restartedMain] INFO  o.h.jpa.internal.util.LogHelper - HHH000204: Processing PersistenceUnitInfo [name: default]
15 Mar 2023 - 16:32:13.962 [restartedMain] INFO  com.zaxxer.hikari.HikariDataSource - HikariPool-12 - Starting...
15 Mar 2023 - 16:32:13.981 [restartedMain] INFO  com.zaxxer.hikari.pool.HikariPool - HikariPool-12 - Added connection com.mysql.cj.jdbc.ConnectionImpl@166a9714
15 Mar 2023 - 16:32:13.981 [restartedMain] INFO  com.zaxxer.hikari.HikariDataSource - HikariPool-12 - Start completed.
15 Mar 2023 - 16:32:13.982 [restartedMain] INFO  SQL dialect - HHH000400: Using dialect: org.hibernate.dialect.MySQL8Dialect
15 Mar 2023 - 16:32:13.982 [restartedMain] WARN  org.hibernate.orm.deprecation - HHH90000026: MySQL8Dialect has been deprecated; use org.hibernate.dialect.MySQLDialect instead
15 Mar 2023 - 16:32:14.120 [restartedMain] INFO  o.h.e.t.j.p.i.JtaPlatformInitiator - HHH000490: Using JtaPlatform implementation: [org.hibernate.engine.transaction.jta.platform.internal.NoJtaPlatform]
15 Mar 2023 - 16:32:14.120 [restartedMain] INFO  o.s.o.j.LocalContainerEntityManagerFactoryBean - Initialized JPA EntityManagerFactory for persistence unit 'default'
15 Mar 2023 - 16:32:14.355 [restartedMain] WARN  o.s.b.a.o.j.JpaBaseConfiguration$JpaWebConfiguration - spring.jpa.open-in-view is enabled by default. Therefore, database queries may be performed during view rendering. Explicitly configure spring.jpa.open-in-view to disable this warning
15 Mar 2023 - 16:32:14.448 [restartedMain] INFO  o.s.b.d.a.OptionalLiveReloadServer - LiveReload server is running on port 35729
15 Mar 2023 - 16:32:14.460 [restartedMain] INFO  o.s.b.w.e.tomcat.TomcatWebServer - Tomcat started on port(s): 8080 (http) with context path ''
15 Mar 2023 - 16:32:14.468 [restartedMain] INFO  c.Shop.JewlleryShopSystemApplication - Started JewlleryShopSystemApplication in 0.888 seconds (process running for 7077.005)
15 Mar 2023 - 16:32:14.469 [restartedMain] INFO  o.s.b.d.a.ConditionEvaluationDeltaLoggingListener - Condition evaluation unchanged
15 Mar 2023 - 17:51:58.421 [File Watcher] INFO  o.s.b.d.a.LocalDevToolsAutoConfiguration$RestartingClassPathChangeChangedEventListener - Restarting due to 1 class path change (0 additions, 0 deletions, 1 modification)
15 Mar 2023 - 17:51:58.455 [Thread-49] INFO  o.a.catalina.core.StandardService - Stopping service [Tomcat]
15 Mar 2023 - 17:51:58.474 [Thread-49] INFO  o.s.o.j.LocalContainerEntityManagerFactoryBean - Closing JPA EntityManagerFactory for persistence unit 'default'
15 Mar 2023 - 17:51:58.482 [Thread-49] INFO  com.zaxxer.hikari.HikariDataSource - HikariPool-12 - Shutdown initiated...
15 Mar 2023 - 17:51:58.486 [Thread-49] INFO  com.zaxxer.hikari.HikariDataSource - HikariPool-12 - Shutdown completed.
15 Mar 2023 - 17:51:58.654 [restartedMain] INFO  c.Shop.JewlleryShopSystemApplication - Starting JewlleryShopSystemApplication using Java 17.0.4.1 with PID 8712 (D:\java\javaprograms\Jewllery-shop-system\target\classes started by Acer in D:\java\javaprograms\Jewllery-shop-system)
15 Mar 2023 - 17:51:58.655 [restartedMain] INFO  c.Shop.JewlleryShopSystemApplication - No active profile set, falling back to 1 default profile: "default"
15 Mar 2023 - 17:51:58.942 [restartedMain] INFO  o.s.d.r.c.RepositoryConfigurationDelegate - Bootstrapping Spring Data JPA repositories in DEFAULT mode.
15 Mar 2023 - 17:51:58.955 [restartedMain] INFO  o.s.d.r.c.RepositoryConfigurationDelegate - Finished Spring Data repository scanning in 12 ms. Found 2 JPA repository interfaces.
15 Mar 2023 - 17:51:59.077 [restartedMain] INFO  o.s.b.w.e.tomcat.TomcatWebServer - Tomcat initialized with port(s): 8080 (http)
15 Mar 2023 - 17:51:59.077 [restartedMain] INFO  o.a.catalina.core.StandardService - Starting service [Tomcat]
15 Mar 2023 - 17:51:59.077 [restartedMain] INFO  o.a.catalina.core.StandardEngine - Starting Servlet engine: [Apache Tomcat/10.1.5]
15 Mar 2023 - 17:51:59.091 [restartedMain] INFO  o.a.c.c.C.[Tomcat-2].[localhost].[/] - Initializing Spring embedded WebApplicationContext
15 Mar 2023 - 17:51:59.091 [restartedMain] INFO  o.s.b.w.s.c.ServletWebServerApplicationContext - Root WebApplicationContext: initialization completed in 433 ms
15 Mar 2023 - 17:51:59.130 [restartedMain] INFO  o.h.jpa.internal.util.LogHelper - HHH000204: Processing PersistenceUnitInfo [name: default]
15 Mar 2023 - 17:51:59.136 [restartedMain] INFO  com.zaxxer.hikari.HikariDataSource - HikariPool-13 - Starting...
15 Mar 2023 - 17:51:59.150 [restartedMain] INFO  com.zaxxer.hikari.pool.HikariPool - HikariPool-13 - Added connection com.mysql.cj.jdbc.ConnectionImpl@40f3298c
15 Mar 2023 - 17:51:59.150 [restartedMain] INFO  com.zaxxer.hikari.HikariDataSource - HikariPool-13 - Start completed.
15 Mar 2023 - 17:51:59.150 [restartedMain] INFO  SQL dialect - HHH000400: Using dialect: org.hibernate.dialect.MySQL8Dialect
15 Mar 2023 - 17:51:59.151 [restartedMain] WARN  org.hibernate.orm.deprecation - HHH90000026: MySQL8Dialect has been deprecated; use org.hibernate.dialect.MySQLDialect instead
15 Mar 2023 - 17:51:59.233 [restartedMain] INFO  o.h.e.t.j.p.i.JtaPlatformInitiator - HHH000490: Using JtaPlatform implementation: [org.hibernate.engine.transaction.jta.platform.internal.NoJtaPlatform]
15 Mar 2023 - 17:51:59.234 [restartedMain] INFO  o.s.o.j.LocalContainerEntityManagerFactoryBean - Initialized JPA EntityManagerFactory for persistence unit 'default'
15 Mar 2023 - 17:51:59.476 [restartedMain] WARN  o.s.b.a.o.j.JpaBaseConfiguration$JpaWebConfiguration - spring.jpa.open-in-view is enabled by default. Therefore, database queries may be performed during view rendering. Explicitly configure spring.jpa.open-in-view to disable this warning
15 Mar 2023 - 17:51:59.671 [restartedMain] INFO  o.s.b.d.a.OptionalLiveReloadServer - LiveReload server is running on port 35729
15 Mar 2023 - 17:51:59.684 [restartedMain] INFO  o.s.b.w.e.tomcat.TomcatWebServer - Tomcat started on port(s): 8080 (http) with context path ''
15 Mar 2023 - 17:51:59.687 [restartedMain] INFO  c.Shop.JewlleryShopSystemApplication - Started JewlleryShopSystemApplication in 1.064 seconds (process running for 11862.224)
15 Mar 2023 - 17:51:59.689 [restartedMain] INFO  o.s.b.d.a.ConditionEvaluationDeltaLoggingListener - Condition evaluation unchanged
15 Mar 2023 - 17:53:53.667 [File Watcher] INFO  o.s.b.d.a.LocalDevToolsAutoConfiguration$RestartingClassPathChangeChangedEventListener - Restarting due to 1 class path change (0 additions, 0 deletions, 1 modification)
15 Mar 2023 - 17:53:53.674 [Thread-53] INFO  o.a.catalina.core.StandardService - Stopping service [Tomcat]
15 Mar 2023 - 17:53:53.677 [Thread-53] INFO  o.s.o.j.LocalContainerEntityManagerFactoryBean - Closing JPA EntityManagerFactory for persistence unit 'default'
15 Mar 2023 - 17:53:53.678 [Thread-53] INFO  com.zaxxer.hikari.HikariDataSource - HikariPool-13 - Shutdown initiated...
15 Mar 2023 - 17:53:53.684 [Thread-53] INFO  com.zaxxer.hikari.HikariDataSource - HikariPool-13 - Shutdown completed.
15 Mar 2023 - 17:53:53.762 [restartedMain] INFO  c.Shop.JewlleryShopSystemApplication - Starting JewlleryShopSystemApplication using Java 17.0.4.1 with PID 8712 (D:\java\javaprograms\Jewllery-shop-system\target\classes started by Acer in D:\java\javaprograms\Jewllery-shop-system)
15 Mar 2023 - 17:53:53.762 [restartedMain] INFO  c.Shop.JewlleryShopSystemApplication - No active profile set, falling back to 1 default profile: "default"
15 Mar 2023 - 17:53:53.959 [restartedMain] INFO  o.s.d.r.c.RepositoryConfigurationDelegate - Bootstrapping Spring Data JPA repositories in DEFAULT mode.
15 Mar 2023 - 17:53:53.979 [restartedMain] INFO  o.s.d.r.c.RepositoryConfigurationDelegate - Finished Spring Data repository scanning in 20 ms. Found 2 JPA repository interfaces.
15 Mar 2023 - 17:53:54.107 [restartedMain] INFO  o.s.b.w.e.tomcat.TomcatWebServer - Tomcat initialized with port(s): 8080 (http)
15 Mar 2023 - 17:53:54.107 [restartedMain] INFO  o.a.catalina.core.StandardService - Starting service [Tomcat]
15 Mar 2023 - 17:53:54.108 [restartedMain] INFO  o.a.catalina.core.StandardEngine - Starting Servlet engine: [Apache Tomcat/10.1.5]
15 Mar 2023 - 17:53:54.119 [restartedMain] INFO  o.a.c.c.C.[Tomcat-2].[localhost].[/] - Initializing Spring embedded WebApplicationContext
15 Mar 2023 - 17:53:54.120 [restartedMain] INFO  o.s.b.w.s.c.ServletWebServerApplicationContext - Root WebApplicationContext: initialization completed in 356 ms
15 Mar 2023 - 17:53:54.154 [restartedMain] INFO  o.h.jpa.internal.util.LogHelper - HHH000204: Processing PersistenceUnitInfo [name: default]
15 Mar 2023 - 17:53:54.160 [restartedMain] INFO  com.zaxxer.hikari.HikariDataSource - HikariPool-14 - Starting...
15 Mar 2023 - 17:53:54.173 [restartedMain] INFO  com.zaxxer.hikari.pool.HikariPool - HikariPool-14 - Added connection com.mysql.cj.jdbc.ConnectionImpl@3db65384
15 Mar 2023 - 17:53:54.173 [restartedMain] INFO  com.zaxxer.hikari.HikariDataSource - HikariPool-14 - Start completed.
15 Mar 2023 - 17:53:54.174 [restartedMain] INFO  SQL dialect - HHH000400: Using dialect: org.hibernate.dialect.MySQL8Dialect
15 Mar 2023 - 17:53:54.174 [restartedMain] WARN  org.hibernate.orm.deprecation - HHH90000026: MySQL8Dialect has been deprecated; use org.hibernate.dialect.MySQLDialect instead
15 Mar 2023 - 17:53:54.261 [restartedMain] INFO  o.h.e.t.j.p.i.JtaPlatformInitiator - HHH000490: Using JtaPlatform implementation: [org.hibernate.engine.transaction.jta.platform.internal.NoJtaPlatform]
15 Mar 2023 - 17:53:54.262 [restartedMain] INFO  o.s.o.j.LocalContainerEntityManagerFactoryBean - Initialized JPA EntityManagerFactory for persistence unit 'default'
15 Mar 2023 - 17:53:54.479 [restartedMain] WARN  o.s.b.a.o.j.JpaBaseConfiguration$JpaWebConfiguration - spring.jpa.open-in-view is enabled by default. Therefore, database queries may be performed during view rendering. Explicitly configure spring.jpa.open-in-view to disable this warning
15 Mar 2023 - 17:53:54.607 [restartedMain] INFO  o.s.b.d.a.OptionalLiveReloadServer - LiveReload server is running on port 35729
15 Mar 2023 - 17:53:54.624 [restartedMain] INFO  o.s.b.w.e.tomcat.TomcatWebServer - Tomcat started on port(s): 8080 (http) with context path ''
15 Mar 2023 - 17:53:54.631 [restartedMain] INFO  c.Shop.JewlleryShopSystemApplication - Started JewlleryShopSystemApplication in 0.888 seconds (process running for 11977.167)
15 Mar 2023 - 17:53:54.632 [restartedMain] INFO  o.s.b.d.a.ConditionEvaluationDeltaLoggingListener - Condition evaluation unchanged
15 Mar 2023 - 18:05:38.879 [File Watcher] INFO  o.s.b.d.a.LocalDevToolsAutoConfiguration$RestartingClassPathChangeChangedEventListener - Restarting due to 1 class path change (0 additions, 0 deletions, 1 modification)
15 Mar 2023 - 18:05:38.908 [Thread-57] INFO  o.a.catalina.core.StandardService - Stopping service [Tomcat]
15 Mar 2023 - 18:05:38.912 [Thread-57] INFO  o.s.o.j.LocalContainerEntityManagerFactoryBean - Closing JPA EntityManagerFactory for persistence unit 'default'
15 Mar 2023 - 18:05:38.912 [Thread-57] INFO  com.zaxxer.hikari.HikariDataSource - HikariPool-14 - Shutdown initiated...
15 Mar 2023 - 18:05:38.927 [Thread-57] INFO  com.zaxxer.hikari.HikariDataSource - HikariPool-14 - Shutdown completed.
15 Mar 2023 - 18:05:39.052 [restartedMain] INFO  c.Shop.JewlleryShopSystemApplication - Starting JewlleryShopSystemApplication using Java 17.0.4.1 with PID 8712 (D:\java\javaprograms\Jewllery-shop-system\target\classes started by Acer in D:\java\javaprograms\Jewllery-shop-system)
15 Mar 2023 - 18:05:39.052 [restartedMain] INFO  c.Shop.JewlleryShopSystemApplication - No active profile set, falling back to 1 default profile: "default"
15 Mar 2023 - 18:05:39.177 [restartedMain] INFO  o.s.d.r.c.RepositoryConfigurationDelegate - Bootstrapping Spring Data JPA repositories in DEFAULT mode.
15 Mar 2023 - 18:05:39.186 [restartedMain] INFO  o.s.d.r.c.RepositoryConfigurationDelegate - Finished Spring Data repository scanning in 8 ms. Found 2 JPA repository interfaces.
15 Mar 2023 - 18:05:39.287 [restartedMain] INFO  o.s.b.w.e.tomcat.TomcatWebServer - Tomcat initialized with port(s): 8080 (http)
15 Mar 2023 - 18:05:39.288 [restartedMain] INFO  o.a.catalina.core.StandardService - Starting service [Tomcat]
15 Mar 2023 - 18:05:39.288 [restartedMain] INFO  o.a.catalina.core.StandardEngine - Starting Servlet engine: [Apache Tomcat/10.1.5]
15 Mar 2023 - 18:05:39.364 [restartedMain] INFO  o.a.c.c.C.[Tomcat-2].[localhost].[/] - Initializing Spring embedded WebApplicationContext
15 Mar 2023 - 18:05:39.365 [restartedMain] INFO  o.s.b.w.s.c.ServletWebServerApplicationContext - Root WebApplicationContext: initialization completed in 310 ms
15 Mar 2023 - 18:05:39.482 [restartedMain] INFO  o.h.jpa.internal.util.LogHelper - HHH000204: Processing PersistenceUnitInfo [name: default]
15 Mar 2023 - 18:05:39.489 [restartedMain] INFO  com.zaxxer.hikari.HikariDataSource - HikariPool-15 - Starting...
15 Mar 2023 - 18:05:39.504 [restartedMain] INFO  com.zaxxer.hikari.pool.HikariPool - HikariPool-15 - Added connection com.mysql.cj.jdbc.ConnectionImpl@7e772084
15 Mar 2023 - 18:05:39.505 [restartedMain] INFO  com.zaxxer.hikari.HikariDataSource - HikariPool-15 - Start completed.
15 Mar 2023 - 18:05:39.505 [restartedMain] INFO  SQL dialect - HHH000400: Using dialect: org.hibernate.dialect.MySQL8Dialect
15 Mar 2023 - 18:05:39.505 [restartedMain] WARN  org.hibernate.orm.deprecation - HHH90000026: MySQL8Dialect has been deprecated; use org.hibernate.dialect.MySQLDialect instead
15 Mar 2023 - 18:05:39.554 [restartedMain] ERROR o.s.o.j.LocalContainerEntityManagerFactoryBean - Failed to initialize JPA EntityManagerFactory: [PersistenceUnit: default] Unable to build Hibernate SessionFactory; nested exception is org.hibernate.InstantiationException: Could not instantiate entity:  : com.Shop.entity.Customer
15 Mar 2023 - 18:05:39.554 [restartedMain] WARN  o.s.b.w.s.c.AnnotationConfigServletWebServerApplicationContext - Exception encountered during context initialization - cancelling refresh attempt: org.springframework.beans.factory.BeanCreationException: Error creating bean with name 'entityManagerFactory' defined in class path resource [org/springframework/boot/autoconfigure/orm/jpa/HibernateJpaConfiguration.class]: [PersistenceUnit: default] Unable to build Hibernate SessionFactory; nested exception is org.hibernate.InstantiationException: Could not instantiate entity:  : com.Shop.entity.Customer
15 Mar 2023 - 18:05:39.555 [restartedMain] INFO  com.zaxxer.hikari.HikariDataSource - HikariPool-15 - Shutdown initiated...
15 Mar 2023 - 18:05:39.559 [restartedMain] INFO  com.zaxxer.hikari.HikariDataSource - HikariPool-15 - Shutdown completed.
15 Mar 2023 - 18:05:39.560 [restartedMain] INFO  o.a.catalina.core.StandardService - Stopping service [Tomcat]
15 Mar 2023 - 18:05:39.566 [restartedMain] INFO  o.s.b.a.l.ConditionEvaluationReportLogger - 

Error starting ApplicationContext. To display the condition evaluation report re-run your application with 'debug' enabled.
15 Mar 2023 - 18:05:39.570 [restartedMain] ERROR o.s.boot.SpringApplication - Application run failed
org.springframework.beans.factory.BeanCreationException: Error creating bean with name 'entityManagerFactory' defined in class path resource [org/springframework/boot/autoconfigure/orm/jpa/HibernateJpaConfiguration.class]: [PersistenceUnit: default] Unable to build Hibernate SessionFactory; nested exception is org.hibernate.InstantiationException: Could not instantiate entity:  : com.Shop.entity.Customer
	at org.springframework.beans.factory.support.AbstractAutowireCapableBeanFactory.initializeBean(AbstractAutowireCapableBeanFactory.java:1762) ~[spring-beans-6.0.6.jar:6.0.6]
	at org.springframework.beans.factory.support.AbstractAutowireCapableBeanFactory.doCreateBean(AbstractAutowireCapableBeanFactory.java:599) ~[spring-beans-6.0.6.jar:6.0.6]
	at org.springframework.beans.factory.support.AbstractAutowireCapableBeanFactory.createBean(AbstractAutowireCapableBeanFactory.java:521) ~[spring-beans-6.0.6.jar:6.0.6]
	at org.springframework.beans.factory.support.AbstractBeanFactory.lambda$doGetBean$0(AbstractBeanFactory.java:326) ~[spring-beans-6.0.6.jar:6.0.6]
	at org.springframework.beans.factory.support.DefaultSingletonBeanRegistry.getSingleton(DefaultSingletonBeanRegistry.java:234) ~[spring-beans-6.0.6.jar:6.0.6]
	at org.springframework.beans.factory.support.AbstractBeanFactory.doGetBean(AbstractBeanFactory.java:324) ~[spring-beans-6.0.6.jar:6.0.6]
	at org.springframework.beans.factory.support.AbstractBeanFactory.getBean(AbstractBeanFactory.java:200) ~[spring-beans-6.0.6.jar:6.0.6]
	at org.springframework.context.support.AbstractApplicationContext.getBean(AbstractApplicationContext.java:1132) ~[spring-context-6.0.6.jar:6.0.6]
	at org.springframework.context.support.AbstractApplicationContext.finishBeanFactoryInitialization(AbstractApplicationContext.java:907) ~[spring-context-6.0.6.jar:6.0.6]
	at org.springframework.context.support.AbstractApplicationContext.refresh(AbstractApplicationContext.java:584) ~[spring-context-6.0.6.jar:6.0.6]
	at org.springframework.boot.web.servlet.context.ServletWebServerApplicationContext.refresh(ServletWebServerApplicationContext.java:146) ~[spring-boot-3.0.4.jar:3.0.4]
	at org.springframework.boot.SpringApplication.refresh(SpringApplication.java:732) ~[spring-boot-3.0.4.jar:3.0.4]
	at org.springframework.boot.SpringApplication.refreshContext(SpringApplication.java:434) ~[spring-boot-3.0.4.jar:3.0.4]
	at org.springframework.boot.SpringApplication.run(SpringApplication.java:310) ~[spring-boot-3.0.4.jar:3.0.4]
	at org.springframework.boot.SpringApplication.run(SpringApplication.java:1304) ~[spring-boot-3.0.4.jar:3.0.4]
	at org.springframework.boot.SpringApplication.run(SpringApplication.java:1293) ~[spring-boot-3.0.4.jar:3.0.4]
	at com.Shop.JewlleryShopSystemApplication.main(JewlleryShopSystemApplication.java:10) ~[classes/:na]
	at java.base/jdk.internal.reflect.NativeMethodAccessorImpl.invoke0(Native Method) ~[na:na]
	at java.base/jdk.internal.reflect.NativeMethodAccessorImpl.invoke(NativeMethodAccessorImpl.java:77) ~[na:na]
	at java.base/jdk.internal.reflect.DelegatingMethodAccessorImpl.invoke(DelegatingMethodAccessorImpl.java:43) ~[na:na]
	at java.base/java.lang.reflect.Method.invoke(Method.java:568) ~[na:na]
	at org.springframework.boot.devtools.restart.RestartLauncher.run(RestartLauncher.java:49) ~[spring-boot-devtools-3.0.4.jar:3.0.4]
Caused by: jakarta.persistence.PersistenceException: [PersistenceUnit: default] Unable to build Hibernate SessionFactory; nested exception is org.hibernate.InstantiationException: Could not instantiate entity:  : com.Shop.entity.Customer
	at org.springframework.orm.jpa.AbstractEntityManagerFactoryBean.buildNativeEntityManagerFactory(AbstractEntityManagerFactoryBean.java:421) ~[spring-orm-6.0.6.jar:6.0.6]
	at org.springframework.orm.jpa.AbstractEntityManagerFactoryBean.afterPropertiesSet(AbstractEntityManagerFactoryBean.java:396) ~[spring-orm-6.0.6.jar:6.0.6]
	at org.springframework.orm.jpa.LocalContainerEntityManagerFactoryBean.afterPropertiesSet(LocalContainerEntityManagerFactoryBean.java:352) ~[spring-orm-6.0.6.jar:6.0.6]
	at org.springframework.beans.factory.support.AbstractAutowireCapableBeanFactory.invokeInitMethods(AbstractAutowireCapableBeanFactory.java:1808) ~[spring-beans-6.0.6.jar:6.0.6]
	at org.springframework.beans.factory.support.AbstractAutowireCapableBeanFactory.initializeBean(AbstractAutowireCapableBeanFactory.java:1758) ~[spring-beans-6.0.6.jar:6.0.6]
	... 21 common frames omitted
Caused by: org.hibernate.InstantiationException: Could not instantiate entity:  : com.Shop.entity.Customer
	at org.hibernate.metamodel.internal.EntityInstantiatorPojoStandard.instantiate(EntityInstantiatorPojoStandard.java:108) ~[hibernate-core-6.1.7.Final.jar:6.1.7.Final]
	at org.hibernate.persister.entity.AbstractEntityPersister.lambda$prepareMappingModel$13(AbstractEntityPersister.java:5871) ~[hibernate-core-6.1.7.Final.jar:6.1.7.Final]
	at org.hibernate.internal.util.LazyValue.getValue(LazyValue.java:29) ~[hibernate-core-6.1.7.Final.jar:6.1.7.Final]
	at org.hibernate.engine.internal.UnsavedValueFactory.getUnsavedIdentifierValue(UnsavedValueFactory.java:45) ~[hibernate-core-6.1.7.Final.jar:6.1.7.Final]
	at org.hibernate.metamodel.mapping.internal.BasicEntityIdentifierMappingImpl.<init>(BasicEntityIdentifierMappingImpl.java:110) ~[hibernate-core-6.1.7.Final.jar:6.1.7.Final]
	at org.hibernate.persister.entity.AbstractEntityPersister.generateIdentifierMapping(AbstractEntityPersister.java:6238) ~[hibernate-core-6.1.7.Final.jar:6.1.7.Final]
	at org.hibernate.persister.entity.AbstractEntityPersister.lambda$prepareMappingModel$14(AbstractEntityPersister.java:5879) ~[hibernate-core-6.1.7.Final.jar:6.1.7.Final]
	at org.hibernate.metamodel.mapping.internal.MappingModelCreationProcess.processSubPart(MappingModelCreationProcess.java:165) ~[hibernate-core-6.1.7.Final.jar:6.1.7.Final]
	at org.hibernate.persister.entity.AbstractEntityPersister.prepareMappingModel(AbstractEntityPersister.java:5876) ~[hibernate-core-6.1.7.Final.jar:6.1.7.Final]
	at org.hibernate.persister.entity.AbstractEntityPersister.prepareMappingModel(AbstractEntityPersister.java:5740) ~[hibernate-core-6.1.7.Final.jar:6.1.7.Final]
	at org.hibernate.metamodel.mapping.internal.MappingModelCreationProcess.execute(MappingModelCreationProcess.java:86) ~[hibernate-core-6.1.7.Final.jar:6.1.7.Final]
	at org.hibernate.metamodel.mapping.internal.MappingModelCreationProcess.process(MappingModelCreationProcess.java:39) ~[hibernate-core-6.1.7.Final.jar:6.1.7.Final]
	at org.hibernate.metamodel.model.domain.internal.MappingMetamodelImpl.finishInitialization(MappingMetamodelImpl.java:229) ~[hibernate-core-6.1.7.Final.jar:6.1.7.Final]
	at org.hibernate.metamodel.internal.RuntimeMetamodelsImpl.finishInitialization(RuntimeMetamodelsImpl.java:60) ~[hibernate-core-6.1.7.Final.jar:6.1.7.Final]
	at org.hibernate.internal.SessionFactoryImpl.<init>(SessionFactoryImpl.java:311) ~[hibernate-core-6.1.7.Final.jar:6.1.7.Final]
	at org.hibernate.boot.internal.SessionFactoryBuilderImpl.build(SessionFactoryBuilderImpl.java:415) ~[hibernate-core-6.1.7.Final.jar:6.1.7.Final]
	at org.hibernate.jpa.boot.internal.EntityManagerFactoryBuilderImpl.build(EntityManagerFactoryBuilderImpl.java:1423) ~[hibernate-core-6.1.7.Final.jar:6.1.7.Final]
	at org.springframework.orm.jpa.vendor.SpringHibernateJpaPersistenceProvider.createContainerEntityManagerFactory(SpringHibernateJpaPersistenceProvider.java:66) ~[spring-orm-6.0.6.jar:6.0.6]
	at org.springframework.orm.jpa.LocalContainerEntityManagerFactoryBean.createNativeEntityManagerFactory(LocalContainerEntityManagerFactoryBean.java:376) ~[spring-orm-6.0.6.jar:6.0.6]
	at org.springframework.orm.jpa.AbstractEntityManagerFactoryBean.buildNativeEntityManagerFactory(AbstractEntityManagerFactoryBean.java:409) ~[spring-orm-6.0.6.jar:6.0.6]
	... 25 common frames omitted
Caused by: java.lang.reflect.InvocationTargetException: null
	at java.base/jdk.internal.reflect.NativeConstructorAccessorImpl.newInstance0(Native Method) ~[na:na]
	at java.base/jdk.internal.reflect.NativeConstructorAccessorImpl.newInstance(NativeConstructorAccessorImpl.java:77) ~[na:na]
	at java.base/jdk.internal.reflect.DelegatingConstructorAccessorImpl.newInstance(DelegatingConstructorAccessorImpl.java:45) ~[na:na]
	at java.base/java.lang.reflect.Constructor.newInstanceWithCaller(Constructor.java:499) ~[na:na]
	at java.base/java.lang.reflect.Constructor.newInstance(Constructor.java:480) ~[na:na]
	at org.hibernate.metamodel.internal.EntityInstantiatorPojoStandard.instantiate(EntityInstantiatorPojoStandard.java:105) ~[hibernate-core-6.1.7.Final.jar:6.1.7.Final]
	... 44 common frames omitted
Caused by: java.lang.Error: Unresolved compilation problems: 
	Syntax error, insert "Identifier (" to complete ConstructorHeaderName
	Syntax error, insert ")" to complete ConstructorDeclaration
	Syntax error, insert ";" to complete ConstructorDeclaration
	Syntax error, insert "Identifier (" to complete ConstructorHeaderName
	Syntax error, insert ")" to complete ConstructorDeclaration
	Syntax error, insert ";" to complete ConstructorDeclaration
	Syntax error on token "}", delete this token

	at com.Shop.entity.Customer.<init>(Customer.java:25) ~[classes/:na]
	... 50 common frames omitted
15 Mar 2023 - 18:05:47.153 [restartedMain] INFO  c.Shop.JewlleryShopSystemApplication - Starting JewlleryShopSystemApplication using Java 17.0.4.1 with PID 8712 (D:\java\javaprograms\Jewllery-shop-system\target\classes started by Acer in D:\java\javaprograms\Jewllery-shop-system)
15 Mar 2023 - 18:05:47.153 [restartedMain] INFO  c.Shop.JewlleryShopSystemApplication - No active profile set, falling back to 1 default profile: "default"
15 Mar 2023 - 18:05:47.352 [restartedMain] INFO  o.s.d.r.c.RepositoryConfigurationDelegate - Bootstrapping Spring Data JPA repositories in DEFAULT mode.
15 Mar 2023 - 18:05:47.361 [restartedMain] INFO  o.s.d.r.c.RepositoryConfigurationDelegate - Finished Spring Data repository scanning in 9 ms. Found 2 JPA repository interfaces.
15 Mar 2023 - 18:05:47.420 [restartedMain] INFO  o.s.b.w.e.tomcat.TomcatWebServer - Tomcat initialized with port(s): 8080 (http)
15 Mar 2023 - 18:05:47.420 [restartedMain] INFO  o.a.catalina.core.StandardService - Starting service [Tomcat]
15 Mar 2023 - 18:05:47.420 [restartedMain] INFO  o.a.catalina.core.StandardEngine - Starting Servlet engine: [Apache Tomcat/10.1.5]
15 Mar 2023 - 18:05:47.432 [restartedMain] INFO  o.a.c.c.C.[Tomcat-3].[localhost].[/] - Initializing Spring embedded WebApplicationContext
15 Mar 2023 - 18:05:47.432 [restartedMain] INFO  o.s.b.w.s.c.ServletWebServerApplicationContext - Root WebApplicationContext: initialization completed in 277 ms
15 Mar 2023 - 18:05:47.462 [restartedMain] INFO  o.h.jpa.internal.util.LogHelper - HHH000204: Processing PersistenceUnitInfo [name: default]
15 Mar 2023 - 18:05:47.468 [restartedMain] INFO  com.zaxxer.hikari.HikariDataSource - HikariPool-16 - Starting...
15 Mar 2023 - 18:05:47.478 [restartedMain] INFO  com.zaxxer.hikari.pool.HikariPool - HikariPool-16 - Added connection com.mysql.cj.jdbc.ConnectionImpl@79cb5c99
15 Mar 2023 - 18:05:47.479 [restartedMain] INFO  com.zaxxer.hikari.HikariDataSource - HikariPool-16 - Start completed.
15 Mar 2023 - 18:05:47.479 [restartedMain] INFO  SQL dialect - HHH000400: Using dialect: org.hibernate.dialect.MySQL8Dialect
15 Mar 2023 - 18:05:47.479 [restartedMain] WARN  org.hibernate.orm.deprecation - HHH90000026: MySQL8Dialect has been deprecated; use org.hibernate.dialect.MySQLDialect instead
15 Mar 2023 - 18:05:47.558 [restartedMain] INFO  o.h.e.t.j.p.i.JtaPlatformInitiator - HHH000490: Using JtaPlatform implementation: [org.hibernate.engine.transaction.jta.platform.internal.NoJtaPlatform]
15 Mar 2023 - 18:05:47.558 [restartedMain] INFO  o.s.o.j.LocalContainerEntityManagerFactoryBean - Initialized JPA EntityManagerFactory for persistence unit 'default'
15 Mar 2023 - 18:05:47.795 [restartedMain] WARN  o.s.b.a.o.j.JpaBaseConfiguration$JpaWebConfiguration - spring.jpa.open-in-view is enabled by default. Therefore, database queries may be performed during view rendering. Explicitly configure spring.jpa.open-in-view to disable this warning
15 Mar 2023 - 18:05:47.995 [restartedMain] INFO  o.s.b.d.a.OptionalLiveReloadServer - LiveReload server is running on port 35729
15 Mar 2023 - 18:05:48.010 [restartedMain] INFO  o.s.b.w.e.tomcat.TomcatWebServer - Tomcat started on port(s): 8080 (http) with context path ''
15 Mar 2023 - 18:05:48.014 [restartedMain] INFO  c.Shop.JewlleryShopSystemApplication - Started JewlleryShopSystemApplication in 0.883 seconds (process running for 12690.551)
15 Mar 2023 - 18:05:48.016 [restartedMain] INFO  o.s.b.d.a.ConditionEvaluationDeltaLoggingListener - Condition evaluation unchanged
15 Mar 2023 - 18:06:49.323 [File Watcher] INFO  o.s.b.d.a.LocalDevToolsAutoConfiguration$RestartingClassPathChangeChangedEventListener - Restarting due to 1 class path change (0 additions, 0 deletions, 1 modification)
15 Mar 2023 - 18:06:49.332 [Thread-61] INFO  o.a.catalina.core.StandardService - Stopping service [Tomcat]
15 Mar 2023 - 18:06:49.338 [Thread-61] INFO  o.s.o.j.LocalContainerEntityManagerFactoryBean - Closing JPA EntityManagerFactory for persistence unit 'default'
15 Mar 2023 - 18:06:49.339 [Thread-61] INFO  com.zaxxer.hikari.HikariDataSource - HikariPool-16 - Shutdown initiated...
15 Mar 2023 - 18:06:49.345 [Thread-61] INFO  com.zaxxer.hikari.HikariDataSource - HikariPool-16 - Shutdown completed.
15 Mar 2023 - 18:06:49.435 [restartedMain] INFO  c.Shop.JewlleryShopSystemApplication - Starting JewlleryShopSystemApplication using Java 17.0.4.1 with PID 8712 (D:\java\javaprograms\Jewllery-shop-system\target\classes started by Acer in D:\java\javaprograms\Jewllery-shop-system)
15 Mar 2023 - 18:06:49.435 [restartedMain] INFO  c.Shop.JewlleryShopSystemApplication - No active profile set, falling back to 1 default profile: "default"
15 Mar 2023 - 18:06:49.588 [restartedMain] INFO  o.s.d.r.c.RepositoryConfigurationDelegate - Bootstrapping Spring Data JPA repositories in DEFAULT mode.
15 Mar 2023 - 18:06:49.631 [restartedMain] INFO  o.s.d.r.c.RepositoryConfigurationDelegate - Finished Spring Data repository scanning in 42 ms. Found 2 JPA repository interfaces.
15 Mar 2023 - 18:06:49.793 [restartedMain] INFO  o.s.b.w.e.tomcat.TomcatWebServer - Tomcat initialized with port(s): 8080 (http)
15 Mar 2023 - 18:06:49.793 [restartedMain] INFO  o.a.catalina.core.StandardService - Starting service [Tomcat]
15 Mar 2023 - 18:06:49.793 [restartedMain] INFO  o.a.catalina.core.StandardEngine - Starting Servlet engine: [Apache Tomcat/10.1.5]
15 Mar 2023 - 18:06:49.808 [restartedMain] INFO  o.a.c.c.C.[Tomcat-3].[localhost].[/] - Initializing Spring embedded WebApplicationContext
15 Mar 2023 - 18:06:49.809 [restartedMain] INFO  o.s.b.w.s.c.ServletWebServerApplicationContext - Root WebApplicationContext: initialization completed in 372 ms
15 Mar 2023 - 18:06:49.849 [restartedMain] INFO  o.h.jpa.internal.util.LogHelper - HHH000204: Processing PersistenceUnitInfo [name: default]
15 Mar 2023 - 18:06:49.853 [restartedMain] INFO  com.zaxxer.hikari.HikariDataSource - HikariPool-17 - Starting...
15 Mar 2023 - 18:06:49.864 [restartedMain] INFO  com.zaxxer.hikari.pool.HikariPool - HikariPool-17 - Added connection com.mysql.cj.jdbc.ConnectionImpl@5ae19b04
15 Mar 2023 - 18:06:49.864 [restartedMain] INFO  com.zaxxer.hikari.HikariDataSource - HikariPool-17 - Start completed.
15 Mar 2023 - 18:06:49.865 [restartedMain] INFO  SQL dialect - HHH000400: Using dialect: org.hibernate.dialect.MySQL8Dialect
15 Mar 2023 - 18:06:49.865 [restartedMain] WARN  org.hibernate.orm.deprecation - HHH90000026: MySQL8Dialect has been deprecated; use org.hibernate.dialect.MySQLDialect instead
15 Mar 2023 - 18:06:49.933 [restartedMain] INFO  o.h.e.t.j.p.i.JtaPlatformInitiator - HHH000490: Using JtaPlatform implementation: [org.hibernate.engine.transaction.jta.platform.internal.NoJtaPlatform]
15 Mar 2023 - 18:06:49.933 [restartedMain] INFO  o.s.o.j.LocalContainerEntityManagerFactoryBean - Initialized JPA EntityManagerFactory for persistence unit 'default'
15 Mar 2023 - 18:06:50.029 [restartedMain] WARN  o.s.b.a.o.j.JpaBaseConfiguration$JpaWebConfiguration - spring.jpa.open-in-view is enabled by default. Therefore, database queries may be performed during view rendering. Explicitly configure spring.jpa.open-in-view to disable this warning
15 Mar 2023 - 18:06:50.218 [restartedMain] INFO  o.s.b.d.a.OptionalLiveReloadServer - LiveReload server is running on port 35729
15 Mar 2023 - 18:06:50.232 [restartedMain] INFO  o.s.b.w.e.tomcat.TomcatWebServer - Tomcat started on port(s): 8080 (http) with context path ''
15 Mar 2023 - 18:06:50.246 [restartedMain] INFO  c.Shop.JewlleryShopSystemApplication - Started JewlleryShopSystemApplication in 0.83 seconds (process running for 12752.782)
15 Mar 2023 - 18:06:50.247 [restartedMain] INFO  o.s.b.d.a.ConditionEvaluationDeltaLoggingListener - Condition evaluation unchanged
15 Mar 2023 - 18:20:04.416 [File Watcher] INFO  o.s.b.d.a.LocalDevToolsAutoConfiguration$RestartingClassPathChangeChangedEventListener - Restarting due to 1 class path change (0 additions, 0 deletions, 1 modification)
15 Mar 2023 - 18:20:04.439 [Thread-68] INFO  o.a.catalina.core.StandardService - Stopping service [Tomcat]
15 Mar 2023 - 18:20:04.443 [Thread-68] INFO  o.s.o.j.LocalContainerEntityManagerFactoryBean - Closing JPA EntityManagerFactory for persistence unit 'default'
15 Mar 2023 - 18:20:04.450 [Thread-68] INFO  com.zaxxer.hikari.HikariDataSource - HikariPool-17 - Shutdown initiated...
15 Mar 2023 - 18:20:04.470 [Thread-68] INFO  com.zaxxer.hikari.HikariDataSource - HikariPool-17 - Shutdown completed.
15 Mar 2023 - 18:20:04.579 [restartedMain] INFO  c.Shop.JewlleryShopSystemApplication - Starting JewlleryShopSystemApplication using Java 17.0.4.1 with PID 8712 (D:\java\javaprograms\Jewllery-shop-system\target\classes started by Acer in D:\java\javaprograms\Jewllery-shop-system)
15 Mar 2023 - 18:20:04.579 [restartedMain] INFO  c.Shop.JewlleryShopSystemApplication - No active profile set, falling back to 1 default profile: "default"
15 Mar 2023 - 18:20:04.720 [restartedMain] INFO  o.s.d.r.c.RepositoryConfigurationDelegate - Bootstrapping Spring Data JPA repositories in DEFAULT mode.
15 Mar 2023 - 18:20:04.728 [restartedMain] INFO  o.s.d.r.c.RepositoryConfigurationDelegate - Finished Spring Data repository scanning in 6 ms. Found 2 JPA repository interfaces.
15 Mar 2023 - 18:20:04.795 [restartedMain] INFO  o.s.b.w.e.tomcat.TomcatWebServer - Tomcat initialized with port(s): 8080 (http)
15 Mar 2023 - 18:20:04.796 [restartedMain] INFO  o.a.catalina.core.StandardService - Starting service [Tomcat]
15 Mar 2023 - 18:20:04.796 [restartedMain] INFO  o.a.catalina.core.StandardEngine - Starting Servlet engine: [Apache Tomcat/10.1.5]
15 Mar 2023 - 18:20:04.809 [restartedMain] INFO  o.a.c.c.C.[Tomcat-3].[localhost].[/] - Initializing Spring embedded WebApplicationContext
15 Mar 2023 - 18:20:04.809 [restartedMain] INFO  o.s.b.w.s.c.ServletWebServerApplicationContext - Root WebApplicationContext: initialization completed in 224 ms
15 Mar 2023 - 18:20:04.841 [restartedMain] INFO  o.h.jpa.internal.util.LogHelper - HHH000204: Processing PersistenceUnitInfo [name: default]
15 Mar 2023 - 18:20:04.848 [restartedMain] INFO  com.zaxxer.hikari.HikariDataSource - HikariPool-18 - Starting...
15 Mar 2023 - 18:20:04.862 [restartedMain] INFO  com.zaxxer.hikari.pool.HikariPool - HikariPool-18 - Added connection com.mysql.cj.jdbc.ConnectionImpl@354195f5
15 Mar 2023 - 18:20:04.863 [restartedMain] INFO  com.zaxxer.hikari.HikariDataSource - HikariPool-18 - Start completed.
15 Mar 2023 - 18:20:04.863 [restartedMain] INFO  SQL dialect - HHH000400: Using dialect: org.hibernate.dialect.MySQL8Dialect
15 Mar 2023 - 18:20:04.863 [restartedMain] WARN  org.hibernate.orm.deprecation - HHH90000026: MySQL8Dialect has been deprecated; use org.hibernate.dialect.MySQLDialect instead
15 Mar 2023 - 18:20:04.957 [restartedMain] INFO  o.h.e.t.j.p.i.JtaPlatformInitiator - HHH000490: Using JtaPlatform implementation: [org.hibernate.engine.transaction.jta.platform.internal.NoJtaPlatform]
15 Mar 2023 - 18:20:04.957 [restartedMain] INFO  o.s.o.j.LocalContainerEntityManagerFactoryBean - Initialized JPA EntityManagerFactory for persistence unit 'default'
15 Mar 2023 - 18:20:05.129 [restartedMain] WARN  o.s.b.a.o.j.JpaBaseConfiguration$JpaWebConfiguration - spring.jpa.open-in-view is enabled by default. Therefore, database queries may be performed during view rendering. Explicitly configure spring.jpa.open-in-view to disable this warning
15 Mar 2023 - 18:20:05.254 [restartedMain] INFO  o.s.b.d.a.OptionalLiveReloadServer - LiveReload server is running on port 35729
15 Mar 2023 - 18:20:05.272 [restartedMain] INFO  o.s.b.w.e.tomcat.TomcatWebServer - Tomcat started on port(s): 8080 (http) with context path ''
15 Mar 2023 - 18:20:05.276 [restartedMain] INFO  c.Shop.JewlleryShopSystemApplication - Started JewlleryShopSystemApplication in 0.725 seconds (process running for 13547.812)
15 Mar 2023 - 18:20:05.277 [restartedMain] INFO  o.s.b.d.a.ConditionEvaluationDeltaLoggingListener - Condition evaluation unchanged
15 Mar 2023 - 18:23:43.670 [File Watcher] INFO  o.s.b.d.a.LocalDevToolsAutoConfiguration$RestartingClassPathChangeChangedEventListener - Restarting due to 1 class path change (0 additions, 0 deletions, 1 modification)
15 Mar 2023 - 18:23:43.721 [Thread-72] INFO  o.a.catalina.core.StandardService - Stopping service [Tomcat]
15 Mar 2023 - 18:23:43.725 [Thread-72] INFO  o.s.o.j.LocalContainerEntityManagerFactoryBean - Closing JPA EntityManagerFactory for persistence unit 'default'
15 Mar 2023 - 18:23:43.726 [Thread-72] INFO  com.zaxxer.hikari.HikariDataSource - HikariPool-18 - Shutdown initiated...
15 Mar 2023 - 18:23:43.753 [Thread-72] INFO  com.zaxxer.hikari.HikariDataSource - HikariPool-18 - Shutdown completed.
15 Mar 2023 - 18:23:43.873 [restartedMain] INFO  c.Shop.JewlleryShopSystemApplication - Starting JewlleryShopSystemApplication using Java 17.0.4.1 with PID 8712 (D:\java\javaprograms\Jewllery-shop-system\target\classes started by Acer in D:\java\javaprograms\Jewllery-shop-system)
15 Mar 2023 - 18:23:43.874 [restartedMain] INFO  c.Shop.JewlleryShopSystemApplication - No active profile set, falling back to 1 default profile: "default"
15 Mar 2023 - 18:23:43.998 [restartedMain] INFO  o.s.d.r.c.RepositoryConfigurationDelegate - Bootstrapping Spring Data JPA repositories in DEFAULT mode.
15 Mar 2023 - 18:23:44.005 [restartedMain] INFO  o.s.d.r.c.RepositoryConfigurationDelegate - Finished Spring Data repository scanning in 7 ms. Found 2 JPA repository interfaces.
15 Mar 2023 - 18:23:44.071 [restartedMain] INFO  o.s.b.w.e.tomcat.TomcatWebServer - Tomcat initialized with port(s): 8080 (http)
15 Mar 2023 - 18:23:44.072 [restartedMain] INFO  o.a.catalina.core.StandardService - Starting service [Tomcat]
15 Mar 2023 - 18:23:44.072 [restartedMain] INFO  o.a.catalina.core.StandardEngine - Starting Servlet engine: [Apache Tomcat/10.1.5]
15 Mar 2023 - 18:23:44.118 [restartedMain] INFO  o.a.c.c.C.[Tomcat-3].[localhost].[/] - Initializing Spring embedded WebApplicationContext
15 Mar 2023 - 18:23:44.118 [restartedMain] INFO  o.s.b.w.s.c.ServletWebServerApplicationContext - Root WebApplicationContext: initialization completed in 243 ms
15 Mar 2023 - 18:23:44.152 [restartedMain] INFO  o.h.jpa.internal.util.LogHelper - HHH000204: Processing PersistenceUnitInfo [name: default]
15 Mar 2023 - 18:23:44.158 [restartedMain] INFO  com.zaxxer.hikari.HikariDataSource - HikariPool-19 - Starting...
15 Mar 2023 - 18:23:44.168 [restartedMain] INFO  com.zaxxer.hikari.pool.HikariPool - HikariPool-19 - Added connection com.mysql.cj.jdbc.ConnectionImpl@41e848ce
15 Mar 2023 - 18:23:44.169 [restartedMain] INFO  com.zaxxer.hikari.HikariDataSource - HikariPool-19 - Start completed.
15 Mar 2023 - 18:23:44.169 [restartedMain] INFO  SQL dialect - HHH000400: Using dialect: org.hibernate.dialect.MySQL8Dialect
15 Mar 2023 - 18:23:44.169 [restartedMain] WARN  org.hibernate.orm.deprecation - HHH90000026: MySQL8Dialect has been deprecated; use org.hibernate.dialect.MySQLDialect instead
15 Mar 2023 - 18:23:44.278 [restartedMain] INFO  o.h.e.t.j.p.i.JtaPlatformInitiator - HHH000490: Using JtaPlatform implementation: [org.hibernate.engine.transaction.jta.platform.internal.NoJtaPlatform]
15 Mar 2023 - 18:23:44.279 [restartedMain] INFO  o.s.o.j.LocalContainerEntityManagerFactoryBean - Initialized JPA EntityManagerFactory for persistence unit 'default'
15 Mar 2023 - 18:23:44.463 [restartedMain] WARN  o.s.b.a.o.j.JpaBaseConfiguration$JpaWebConfiguration - spring.jpa.open-in-view is enabled by default. Therefore, database queries may be performed during view rendering. Explicitly configure spring.jpa.open-in-view to disable this warning
15 Mar 2023 - 18:23:44.596 [restartedMain] INFO  o.s.b.d.a.OptionalLiveReloadServer - LiveReload server is running on port 35729
15 Mar 2023 - 18:23:44.606 [restartedMain] INFO  o.s.b.w.e.tomcat.TomcatWebServer - Tomcat started on port(s): 8080 (http) with context path ''
15 Mar 2023 - 18:23:44.614 [restartedMain] INFO  c.Shop.JewlleryShopSystemApplication - Started JewlleryShopSystemApplication in 0.766 seconds (process running for 13767.15)
15 Mar 2023 - 18:23:44.615 [restartedMain] INFO  o.s.b.d.a.ConditionEvaluationDeltaLoggingListener - Condition evaluation unchanged
15 Mar 2023 - 18:27:19.983 [File Watcher] INFO  o.s.b.d.a.LocalDevToolsAutoConfiguration$RestartingClassPathChangeChangedEventListener - Restarting due to 1 class path change (0 additions, 0 deletions, 1 modification)
15 Mar 2023 - 18:27:19.989 [Thread-76] INFO  o.a.catalina.core.StandardService - Stopping service [Tomcat]
15 Mar 2023 - 18:27:19.992 [Thread-76] INFO  o.s.o.j.LocalContainerEntityManagerFactoryBean - Closing JPA EntityManagerFactory for persistence unit 'default'
15 Mar 2023 - 18:27:19.992 [Thread-76] INFO  com.zaxxer.hikari.HikariDataSource - HikariPool-19 - Shutdown initiated...
15 Mar 2023 - 18:27:19.998 [Thread-76] INFO  com.zaxxer.hikari.HikariDataSource - HikariPool-19 - Shutdown completed.
15 Mar 2023 - 18:27:20.076 [restartedMain] INFO  c.Shop.JewlleryShopSystemApplication - Starting JewlleryShopSystemApplication using Java 17.0.4.1 with PID 8712 (D:\java\javaprograms\Jewllery-shop-system\target\classes started by Acer in D:\java\javaprograms\Jewllery-shop-system)
15 Mar 2023 - 18:27:20.076 [restartedMain] INFO  c.Shop.JewlleryShopSystemApplication - No active profile set, falling back to 1 default profile: "default"
15 Mar 2023 - 18:27:20.251 [restartedMain] INFO  o.s.d.r.c.RepositoryConfigurationDelegate - Bootstrapping Spring Data JPA repositories in DEFAULT mode.
15 Mar 2023 - 18:27:20.264 [restartedMain] INFO  o.s.d.r.c.RepositoryConfigurationDelegate - Finished Spring Data repository scanning in 13 ms. Found 2 JPA repository interfaces.
15 Mar 2023 - 18:27:20.431 [restartedMain] INFO  o.s.b.w.e.tomcat.TomcatWebServer - Tomcat initialized with port(s): 8080 (http)
15 Mar 2023 - 18:27:20.433 [restartedMain] INFO  o.a.catalina.core.StandardService - Starting service [Tomcat]
15 Mar 2023 - 18:27:20.434 [restartedMain] INFO  o.a.catalina.core.StandardEngine - Starting Servlet engine: [Apache Tomcat/10.1.5]
15 Mar 2023 - 18:27:20.451 [restartedMain] INFO  o.a.c.c.C.[Tomcat-3].[localhost].[/] - Initializing Spring embedded WebApplicationContext
15 Mar 2023 - 18:27:20.451 [restartedMain] INFO  o.s.b.w.s.c.ServletWebServerApplicationContext - Root WebApplicationContext: initialization completed in 373 ms
15 Mar 2023 - 18:27:20.487 [restartedMain] INFO  o.h.jpa.internal.util.LogHelper - HHH000204: Processing PersistenceUnitInfo [name: default]
15 Mar 2023 - 18:27:20.491 [restartedMain] INFO  com.zaxxer.hikari.HikariDataSource - HikariPool-20 - Starting...
15 Mar 2023 - 18:27:20.501 [restartedMain] INFO  com.zaxxer.hikari.pool.HikariPool - HikariPool-20 - Added connection com.mysql.cj.jdbc.ConnectionImpl@1e251e3d
15 Mar 2023 - 18:27:20.502 [restartedMain] INFO  com.zaxxer.hikari.HikariDataSource - HikariPool-20 - Start completed.
15 Mar 2023 - 18:27:20.502 [restartedMain] INFO  SQL dialect - HHH000400: Using dialect: org.hibernate.dialect.MySQL8Dialect
15 Mar 2023 - 18:27:20.502 [restartedMain] WARN  org.hibernate.orm.deprecation - HHH90000026: MySQL8Dialect has been deprecated; use org.hibernate.dialect.MySQLDialect instead
15 Mar 2023 - 18:27:20.633 [restartedMain] INFO  o.h.e.t.j.p.i.JtaPlatformInitiator - HHH000490: Using JtaPlatform implementation: [org.hibernate.engine.transaction.jta.platform.internal.NoJtaPlatform]
15 Mar 2023 - 18:27:20.634 [restartedMain] INFO  o.s.o.j.LocalContainerEntityManagerFactoryBean - Initialized JPA EntityManagerFactory for persistence unit 'default'
15 Mar 2023 - 18:27:20.763 [restartedMain] WARN  o.s.b.a.o.j.JpaBaseConfiguration$JpaWebConfiguration - spring.jpa.open-in-view is enabled by default. Therefore, database queries may be performed during view rendering. Explicitly configure spring.jpa.open-in-view to disable this warning
15 Mar 2023 - 18:27:20.949 [restartedMain] INFO  o.s.b.d.a.OptionalLiveReloadServer - LiveReload server is running on port 35729
15 Mar 2023 - 18:27:20.963 [restartedMain] INFO  o.s.b.w.e.tomcat.TomcatWebServer - Tomcat started on port(s): 8080 (http) with context path ''
15 Mar 2023 - 18:27:20.969 [restartedMain] INFO  c.Shop.JewlleryShopSystemApplication - Started JewlleryShopSystemApplication in 0.916 seconds (process running for 13983.505)
15 Mar 2023 - 18:27:20.970 [restartedMain] INFO  o.s.b.d.a.ConditionEvaluationDeltaLoggingListener - Condition evaluation unchanged
15 Mar 2023 - 18:41:30.895 [File Watcher] INFO  o.s.b.d.a.LocalDevToolsAutoConfiguration$RestartingClassPathChangeChangedEventListener - Restarting due to 1 class path change (0 additions, 0 deletions, 1 modification)
15 Mar 2023 - 18:41:30.906 [Thread-80] INFO  o.a.catalina.core.StandardService - Stopping service [Tomcat]
15 Mar 2023 - 18:41:30.909 [Thread-80] INFO  o.s.o.j.LocalContainerEntityManagerFactoryBean - Closing JPA EntityManagerFactory for persistence unit 'default'
15 Mar 2023 - 18:41:30.911 [Thread-80] INFO  com.zaxxer.hikari.HikariDataSource - HikariPool-20 - Shutdown initiated...
15 Mar 2023 - 18:41:30.916 [Thread-80] INFO  com.zaxxer.hikari.HikariDataSource - HikariPool-20 - Shutdown completed.
15 Mar 2023 - 18:41:31.016 [restartedMain] INFO  c.Shop.JewlleryShopSystemApplication - Starting JewlleryShopSystemApplication using Java 17.0.4.1 with PID 8712 (D:\java\javaprograms\Jewllery-shop-system\target\classes started by Acer in D:\java\javaprograms\Jewllery-shop-system)
15 Mar 2023 - 18:41:31.017 [restartedMain] INFO  c.Shop.JewlleryShopSystemApplication - No active profile set, falling back to 1 default profile: "default"
15 Mar 2023 - 18:41:31.189 [restartedMain] INFO  o.s.d.r.c.RepositoryConfigurationDelegate - Bootstrapping Spring Data JPA repositories in DEFAULT mode.
15 Mar 2023 - 18:41:31.200 [restartedMain] INFO  o.s.d.r.c.RepositoryConfigurationDelegate - Finished Spring Data repository scanning in 10 ms. Found 2 JPA repository interfaces.
15 Mar 2023 - 18:41:31.273 [restartedMain] INFO  o.s.b.w.e.tomcat.TomcatWebServer - Tomcat initialized with port(s): 8080 (http)
15 Mar 2023 - 18:41:31.273 [restartedMain] INFO  o.a.catalina.core.StandardService - Starting service [Tomcat]
15 Mar 2023 - 18:41:31.273 [restartedMain] INFO  o.a.catalina.core.StandardEngine - Starting Servlet engine: [Apache Tomcat/10.1.5]
15 Mar 2023 - 18:41:31.285 [restartedMain] INFO  o.a.c.c.C.[Tomcat-3].[localhost].[/] - Initializing Spring embedded WebApplicationContext
15 Mar 2023 - 18:41:31.285 [restartedMain] INFO  o.s.b.w.s.c.ServletWebServerApplicationContext - Root WebApplicationContext: initialization completed in 266 ms
15 Mar 2023 - 18:41:31.324 [restartedMain] INFO  o.h.jpa.internal.util.LogHelper - HHH000204: Processing PersistenceUnitInfo [name: default]
15 Mar 2023 - 18:41:31.331 [restartedMain] INFO  com.zaxxer.hikari.HikariDataSource - HikariPool-21 - Starting...
15 Mar 2023 - 18:41:31.342 [restartedMain] INFO  com.zaxxer.hikari.pool.HikariPool - HikariPool-21 - Added connection com.mysql.cj.jdbc.ConnectionImpl@8db6c28
15 Mar 2023 - 18:41:31.342 [restartedMain] INFO  com.zaxxer.hikari.HikariDataSource - HikariPool-21 - Start completed.
15 Mar 2023 - 18:41:31.343 [restartedMain] INFO  SQL dialect - HHH000400: Using dialect: org.hibernate.dialect.MySQL8Dialect
15 Mar 2023 - 18:41:31.343 [restartedMain] WARN  org.hibernate.orm.deprecation - HHH90000026: MySQL8Dialect has been deprecated; use org.hibernate.dialect.MySQLDialect instead
15 Mar 2023 - 18:41:31.429 [restartedMain] INFO  o.h.e.t.j.p.i.JtaPlatformInitiator - HHH000490: Using JtaPlatform implementation: [org.hibernate.engine.transaction.jta.platform.internal.NoJtaPlatform]
15 Mar 2023 - 18:41:31.429 [restartedMain] INFO  o.s.o.j.LocalContainerEntityManagerFactoryBean - Initialized JPA EntityManagerFactory for persistence unit 'default'
15 Mar 2023 - 18:41:31.622 [restartedMain] WARN  o.s.b.a.o.j.JpaBaseConfiguration$JpaWebConfiguration - spring.jpa.open-in-view is enabled by default. Therefore, database queries may be performed during view rendering. Explicitly configure spring.jpa.open-in-view to disable this warning
15 Mar 2023 - 18:41:31.774 [restartedMain] INFO  o.s.b.d.a.OptionalLiveReloadServer - LiveReload server is running on port 35729
15 Mar 2023 - 18:41:31.787 [restartedMain] INFO  o.s.b.w.e.tomcat.TomcatWebServer - Tomcat started on port(s): 8080 (http) with context path ''
15 Mar 2023 - 18:41:31.791 [restartedMain] INFO  c.Shop.JewlleryShopSystemApplication - Started JewlleryShopSystemApplication in 0.802 seconds (process running for 14834.328)
15 Mar 2023 - 18:41:31.793 [restartedMain] INFO  o.s.b.d.a.ConditionEvaluationDeltaLoggingListener - Condition evaluation unchanged
15 Mar 2023 - 18:42:18.862 [RMI TCP Connection(252)-127.0.0.1] INFO  o.s.b.a.SpringApplicationAdminMXBeanRegistrar$SpringApplicationAdmin - Application shutdown requested.
15 Mar 2023 - 18:42:18.872 [RMI TCP Connection(252)-127.0.0.1] INFO  o.a.catalina.core.StandardService - Stopping service [Tomcat]
15 Mar 2023 - 18:42:18.877 [RMI TCP Connection(252)-127.0.0.1] INFO  o.s.o.j.LocalContainerEntityManagerFactoryBean - Closing JPA EntityManagerFactory for persistence unit 'default'
15 Mar 2023 - 18:42:18.878 [RMI TCP Connection(252)-127.0.0.1] INFO  com.zaxxer.hikari.HikariDataSource - HikariPool-21 - Shutdown initiated...
15 Mar 2023 - 18:42:18.884 [RMI TCP Connection(252)-127.0.0.1] INFO  com.zaxxer.hikari.HikariDataSource - HikariPool-21 - Shutdown completed.
